2025-01-04 10:25:39,224 - ERROR - Erro ao carregar as interfaces: [Errno 2] No such file or directory: 'C:\\Users\\User\\Desktop\\Valdeir\\Fiocruz_Compras\\primeira_tela.ui'
2025-01-04 10:25:39,516 - ERROR - Erro ao inicializar as janelas: 'Listas_Suspensas' object has no attribute 'tableView_historico'
2025-01-04 10:37:35,964 - ERROR - Erro ao inicializar as janelas: 'Listas_Suspensas' object has no attribute 'tableView_historico'
2025-01-04 10:42:29,522 - ERROR - Erro ao inicializar as janelas: 'Listas_Suspensas' object has no attribute 'tableView_historico'
2025-01-04 10:44:21,397 - ERROR - Erro ao inicializar as janelas: 'Listas_Suspensas' object has no attribute 'tableView_historico'
2025-01-04 10:45:43,483 - ERROR - Erro ao inicializar as janelas: 'Listas_Suspensas' object has no attribute 'tableView_historico'
2025-01-04 10:47:04,638 - ERROR - Erro ao inicializar as janelas: 'Listas_Suspensas' object has no attribute 'tableView_historico'
2025-01-04 16:27:36,003 - ERROR - Erro ao inicializar as janelas: 'Listas_Suspensas' object has no attribute 'tableView_historico'
2025-01-04 16:28:54,319 - ERROR - Erro ao inicializar as janelas: 'Listas_Suspensas' object has no attribute 'tableView_historico'
2025-01-13 07:21:35,171 - ERROR - Erro ao inicializar as janelas: 'Listas_Suspensas' object has no attribute 'comboBox_INEX_lei'
2025-01-13 07:29:20,216 - ERROR - Erro ao inicializar as janelas: 'Listas_Suspensas' object has no attribute 'comboBox_INEX_lei'
2025-01-13 07:33:23,105 - ERROR - Erro ao inicializar as janelas: 'Listas_Suspensas' object has no attribute 'comboBox_INEX_lei'
2025-01-13 07:58:56,367 - ERROR - Erro ao inicializar as janelas: 'Listas_Suspensas' object has no attribute 'comboBox_INEX_lei'
2025-01-13 08:00:26,711 - ERROR - Erro ao inicializar as janelas: 'Listas_Suspensas' object has no attribute 'comboBox_INEX_lei'
2025-01-13 08:04:21,288 - ERROR - Erro ao inicializar as janelas: 'Listas_Suspensas' object has no attribute 'comboBox_INEX_lei'
2025-01-13 08:08:02,195 - ERROR - Erro ao inicializar as janelas: 'Listas_Suspensas' object has no attribute 'comboBox_INEX_lei'
2025-01-13 08:21:10,406 - ERROR - Erro ao inicializar as janelas: 'Listas_Suspensas' object has no attribute 'comboBox_INEX_lei'
2025-01-23 12:53:50,287 - ERROR - Erro ao inicializar as janelas: Listas_Suspensas.__init__() missing 1 required positional argument: 'conn_pyodbc'
2025-01-23 18:27:47,150 - ERROR - Erro ao inicializar as janelas: name 'global_conn' is not defined
2025-01-23 18:31:05,062 - ERROR - Erro ao inicializar as janelas: name 'global_conn' is not defined
2025-03-11 11:46:58,016 - ERROR - Erro ao inicializar as janelas: 'Listas_Suspensas' object has no attribute 'comboBox_situacao_irp'
2025-03-11 11:49:17,241 - ERROR - Erro ao inicializar as janelas: 'Listas_Suspensas' object has no attribute 'comboBox_situacao_irp'
2025-03-11 11:53:55,041 - ERROR - Erro ao inicializar as janelas: 'Listas_Suspensas' object has no attribute 'comboBox_situacao_irp'
2025-03-11 12:03:56,875 - ERROR - Erro ao inicializar as janelas: 'Listas_Suspensas' object has no attribute 'comboBox_situacao_irp'
2025-03-11 12:05:26,484 - ERROR - Erro ao inicializar as janelas: 'Listas_Suspensas' object has no attribute 'comboBox_situacao_irp'
2025-03-11 12:06:14,231 - ERROR - Erro ao inicializar as janelas: 'Listas_Suspensas' object has no attribute 'comboBox_situacao_irp'
2025-03-20 08:23:27,238 - ERROR - Erro ao inicializar as janelas: OF_e_Entregas.__init__() missing 1 required positional argument: 'parent'
2025-03-20 08:30:53,258 - ERROR - Erro ao inicializar as janelas: 'OF_e_Entregas' object has no attribute 'comboBox_licitacao'
2025-03-20 08:31:34,019 - ERROR - Erro ao inicializar as janelas: OF_e_Entregas.__init__() missing 1 required positional argument: 'parent'
2025-03-20 08:37:17,731 - ERROR - Erro ao inicializar as janelas: OF_e_Entregas.__init__() missing 1 required positional argument: 'parent'
2025-03-20 08:38:12,492 - ERROR - Erro ao inicializar as janelas: OF_e_Entregas.__init__() missing 1 required positional argument: 'parent'
2025-03-20 08:48:48,426 - ERROR - Erro ao inicializar as janelas: OF_e_Entregas.__init__() missing 1 required positional argument: 'parent'
2025-03-20 08:49:20,916 - ERROR - Erro ao inicializar as janelas: OF_e_Entregas.__init__() missing 1 required positional argument: 'parent'
2025-03-20 08:53:43,895 - ERROR - Erro ao inicializar as janelas: cannot import name 'OF_e_Entregas' from 'of_e_entregas' (c:\Users\User\Desktop\Valdeir\Fiocruz_Compras\of_e_entregas.py)
2025-03-20 08:55:06,467 - ERROR - Erro ao inicializar as janelas: cannot import name 'OF_e_Entregas' from 'of_e_entregas' (c:\Users\User\Desktop\Valdeir\Fiocruz_Compras\of_e_entregas.py)
2025-03-20 09:00:15,217 - ERROR - Erro ao inicializar as janelas: OF_e_Entregas.__init__() missing 1 required positional argument: 'parent'
2025-03-20 09:48:44,846 - ERROR - Erro ao inicializar as janelas: cannot import name 'OF_e_Entregas' from 'of_e_entregas' (c:\Users\User\Desktop\Valdeir\Fiocruz_Compras\of_e_entregas.py)
2025-03-20 09:50:41,942 - ERROR - Erro ao inicializar as janelas: cannot import name 'OF_e_Entregas' from 'of_e_entregas' (c:\Users\User\Desktop\Valdeir\Fiocruz_Compras\of_e_entregas.py)
2025-03-20 10:00:48,175 - ERROR - Erro ao inicializar as janelas: OF_e_Entregas.__init__() missing 1 required positional argument: 'conexao'
2025-03-20 10:01:21,142 - ERROR - Erro ao inicializar as janelas: OF_e_Entregas.__init__() missing 1 required positional argument: 'conexao'
2025-03-20 10:05:41,269 - ERROR - Erro ao inicializar as janelas: Listas_Suspensas.__init__() takes 1 positional argument but 2 were given
2025-04-08 12:13:46,311 - ERROR - Erro ao inicializar as janelas: 'Listas_Suspensas' object has no attribute 'cadastrar_of_e_entregas'
2025-04-08 12:15:01,480 - ERROR - Erro ao inicializar as janelas: 'OF_e_Entregas' object has no attribute 'buscar_por_nome'
2025-04-08 13:14:31,473 - ERROR - Erro ao inicializar as janelas: Listas_Suspensas.__init__() missing 1 required positional argument: 'aba_of_e_entregas'
2025-05-08 18:47:06,413 - ERROR - Erro ao inicializar as janelas: 'Listas_Suspensas' object has no attribute 'comboBox_num_contratacao_pca'
2025-05-08 18:57:33,574 - ERROR - Erro ao inicializar as janelas: 'Listas_Suspensas' object has no attribute 'comboBox_num_contratacao_pca'
2025-05-08 19:05:40,679 - ERROR - Erro ao inicializar as janelas: 'Listas_Suspensas' object has no attribute 'comboBox_num_contratacao_pca'
2025-05-08 19:06:58,310 - ERROR - Erro ao inicializar as janelas: 'Listas_Suspensas' object has no attribute 'comboBox_num_contratacao_pca'
2025-05-08 19:10:56,646 - ERROR - Erro ao inicializar as janelas: 'Listas_Suspensas' object has no attribute 'lineEdit_gr_data_entrega'
2025-05-15 09:33:07,032 - ERROR - Erro ao carregar as interfaces: 'QWidget' object has no attribute 'comboBox_licitacao_tipo_2'
2025-05-15 09:33:07,110 - ERROR - Erro ao inicializar as janelas: 'Listas_Suspensas' object has no attribute 'comboBox_licitacao_tipo_2'
2025-05-15 09:35:55,558 - ERROR - Erro ao carregar as interfaces: 'QWidget' object has no attribute 'comboBox_licitacao_tipo_2'
2025-05-15 09:35:55,654 - ERROR - Erro ao inicializar as janelas: 'Listas_Suspensas' object has no attribute 'comboBox_licitacao_tipo_2'
2025-05-15 09:38:26,199 - ERROR - Erro ao carregar as interfaces: 'QWidget' object has no attribute 'comboBox_licitacao_tipo_2'
2025-05-15 09:38:26,374 - ERROR - Erro ao inicializar as janelas: 'Listas_Suspensas' object has no attribute 'comboBox_licitacao_tipo_2'
2025-05-15 09:40:42,705 - ERROR - Erro ao carregar as interfaces: 'QWidget' object has no attribute 'comboBox_licitacao_tipo_2'
2025-05-15 09:40:42,794 - ERROR - Erro ao inicializar as janelas: 'Listas_Suspensas' object has no attribute 'comboBox_licitacao_tipo_2'
2025-05-15 09:43:24,487 - ERROR - Erro ao carregar as interfaces: 'QWidget' object has no attribute 'comboBox_licitacao_tipo_2'
2025-05-15 09:43:24,566 - ERROR - Erro ao inicializar as janelas: 'Listas_Suspensas' object has no attribute 'comboBox_licitacao_tipo_2'
2025-05-15 09:49:00,869 - ERROR - Erro ao inicializar as janelas: 'Listas_Suspensas' object has no attribute 'comboBox_licitacao_tipo_2'
2025-05-15 09:52:24,792 - ERROR - Erro ao carregar as interfaces: 'QWidget' object has no attribute 'comboBox_licitacao_tipo_2'
2025-05-15 09:52:24,871 - ERROR - Erro ao inicializar as janelas: 'Listas_Suspensas' object has no attribute 'comboBox_licitacao_tipo_2'
2025-05-15 14:53:41,528 - ERROR - Erro ao carregar as interfaces: 'QWidget' object has no attribute 'comboBox_licitacao_tipo_2'
2025-05-15 14:53:41,621 - ERROR - Erro ao inicializar as janelas: 'Listas_Suspensas' object has no attribute 'comboBox_licitacao_tipo_2'
2025-05-15 15:03:10,628 - ERROR - Erro ao carregar as interfaces: 'QWidget' object has no attribute 'comboBox_licitacao_tipo_2'
2025-05-15 15:03:10,706 - ERROR - Erro ao inicializar as janelas: 'Listas_Suspensas' object has no attribute 'comboBox_licitacao_tipo_2'
2025-05-15 15:24:23,551 - ERROR - Erro ao inicializar as janelas: 'Listas_Suspensas' object has no attribute 'comboBox_licitacao_tipo_2'
2025-05-15 15:33:13,691 - ERROR - Erro ao inicializar as janelas: 'Listas_Suspensas' object has no attribute 'comboBox_licitacao_tipo_2'
2025-05-15 15:39:05,805 - ERROR - Erro ao inicializar as janelas: 'Listas_Suspensas' object has no attribute 'comboBox_licitacao_tipo_2'
2025-05-15 15:39:54,342 - ERROR - Erro ao inicializar as janelas: 'Listas_Suspensas' object has no attribute 'comboBox_licitacao_tipo_2'
2025-05-15 15:42:03,156 - ERROR - Erro ao carregar as interfaces: 'QWidget' object has no attribute 'comboBox_licitacao_tipo_2'
2025-05-15 15:42:03,215 - ERROR - Erro ao inicializar as janelas: 'Listas_Suspensas' object has no attribute 'comboBox_licitacao_tipo_2'
2025-05-15 15:42:39,131 - ERROR - Erro ao inicializar as janelas: 'Listas_Suspensas' object has no attribute 'comboBox_licitacao_tipo_2'
2025-05-16 11:43:25,694 - ERROR - Erro ao inicializar as janelas: 'Listas_Suspensas' object has no attribute 'comboBox_licitacao_tipo_2'
2025-05-27 11:57:08,450 - ERROR - Erro ao inicializar as janelas: 'Listas_Suspensas' object has no attribute 'carregar_historico'
2025-05-27 12:10:15,797 - ERROR - Erro ao inicializar as janelas: ('42S22', "[42S22] [Microsoft][ODBC Driver 17 for SQL Server][SQL Server]Nome de coluna 'Nome' inválido. (207) (SQLExecDirectW)")
2025-05-27 16:13:12,550 - ERROR - Erro ao inicializar as janelas: 'Listas_Suspensas' object has no attribute 'clear_fields_historico'
